0 silly argv {
0 silly argv   _: [ 'list' ],
0 silly argv   lernaVersion: '8.1.9',
0 silly argv   '$0': 'H:\\nvm\\nodejs\\node_modules\\lerna\\dist\\cli.js'
0 silly argv }
1 notice cli v8.1.9
2 verbose packageConfigs Resolving packages based on package.json "workspaces" configuration.
3 verbose rootPath H:\workspaces\front-end-structor\less-step
4 error Failed to process project graph. Run "nx reset" to fix this. Please report the issue if you keep seeing it.
4 error       MultipleProjectsWithSameNameError: The following projects are defined in multiple locations:
4 error   - @less-step/shared:
4 error     - packages/cli
4 error     - packages/shared
4 error
4 error   To fix this, set a unique name for each project in a project.json inside the project's root. If the project does not currently have a project.json, you can create one that contains only a name.
4 error       at validateAndNormalizeProjectRootMap (H:\workspaces\front-end-structor\less-step\node_modules\nx\src\project-graph\utils\project-configuration-utils.js:439:15)
4 error       at mergeCreateNodesResults (H:\workspaces\front-end-structor\less-step\node_modules\nx\src\project-graph\utils\project-configuration-utils.js:325:9)
4 error       at H:\workspaces\front-end-structor\less-step\node_modules\nx\src\project-graph\utils\project-configuration-utils.js:270:85
4 error       at process.processTicksAndRejections (node:internal/process/task_queues:95:5)
4 error       at async buildProjectGraphAndSourceMapsWithoutDaemon (H:\workspaces\front-end-structor\less-step\node_modules\nx\src\project-graph\project-graph.js:81:31)
4 error       at async createProjectGraphAndSourceMapsAsync (H:\workspaces\front-end-structor\less-step\node_modules\nx\src\project-graph\project-graph.js:216:25)
4 error       at async createProjectGraphAsync (H:\workspaces\front-end-structor\less-step\node_modules\nx\src\project-graph\project-graph.js:206:39)
4 error       at async detectProjects (H:\workspaces\front-end-structor\less-step\node_modules\lerna\dist\index.js:2999:25)
